2024-01-15 10:23:45 INFO [auth-service] User login successful: user_id=12345
2024-01-15 10:23:47 INFO [payment-service] Payment processed: transaction_id=tx_001
2024-01-15 10:24:12 WARN [auth-service] Multiple failed login attempts detected: ip=192.168.1.100
2024-01-15 10:24:35 ERROR [payment-service] Payment gateway timeout: transaction_id=tx_002
2024-01-15 10:25:01 INFO [order-service] Order created: order_id=ord_456
2024-01-15 10:25:23 ERROR [payment-service] Invalid credit card format: transaction_id=tx_003
2024-01-15 10:25:45 INFO [auth-service] User logout: user_id=12345
2024-01-15 10:26:12 WARN [order-service] Low inventory warning: product_id=prod_789
2024-01-15 10:26:34 ERROR [auth-service] Authentication token expired: user_id=67890
2024-01-15 10:27:01 INFO [payment-service] Refund processed: transaction_id=tx_004
2024-01-15 10:27:23 ERROR [order-service] Order fulfillment failed: order_id=ord_457
2024-01-15 10:27:45 INFO [auth-service] Password reset requested: email=user@example.com
2024-01-15 10:28:12 WARN [payment-service] Unusual payment pattern detected: amount=9999.99
2024-01-15 10:28:34 ERROR [order-service] Database connection timeout: retry_count=3
2024-01-15 10:29:01 INFO [auth-service] New user registered: user_id=11111
2024-01-15 10:29:23 INFO [payment-service] Payment successful: transaction_id=tx_005
2024-01-15 10:29:45 ERROR [auth-service] Failed to validate session: session_id=sess_123
2024-01-15 10:30:12 WARN [order-service] Shipping address validation warning: order_id=ord_458
2024-01-15 10:30:34 INFO [payment-service] Payment method updated: user_id=12345
2024-01-15 10:31:01 ERROR [auth-service] Rate limit exceeded: ip=192.168.1.101
2024-01-15 10:31:23 INFO [order-service] Order shipped: order_id=ord_456
2024-01-15 10:31:45 WARN [payment-service] Currency conversion warning: from=USD to=EUR
2024-01-15 10:32:12 ERROR [order-service] Inventory update failed: product_id=prod_790
2024-01-15 10:32:34 INFO [auth-service] Session refreshed: user_id=12345
2024-01-15 10:33:01 ERROR [payment-service] Payment declined: transaction_id=tx_006 reason=insufficient_funds
2024-01-15 10:33:23 INFO [order-service] Order delivered: order_id=ord_456
2024-01-15 10:33:45 WARN [auth-service] Suspicious login location: user_id=67890 location=unknown
2024-01-15 10:34:12 ERROR [payment-service] Webhook delivery failed: endpoint=https://api.example.com/webhook
2024-01-15 10:34:34 INFO [order-service] Order cancellation requested: order_id=ord_459
2024-01-15 10:35:01 INFO [auth-service] Two-factor authentication enabled: user_id=11111
2024-01-15 10:35:23 ERROR [order-service] Order processing timeout: order_id=ord_460
2024-01-15 10:35:45 WARN [payment-service] Duplicate transaction detected: transaction_id=tx_007
2024-01-15 10:36:12 INFO [auth-service] User profile updated: user_id=12345
2024-01-15 10:36:34 ERROR [payment-service] Payment gateway error: status_code=500
2024-01-15 10:37:01 INFO [order-service] Order status updated: order_id=ord_461 status=processing
2024-01-15 10:37:23 WARN [auth-service] Password strength warning: user_id=22222
2024-01-15 10:37:45 ERROR [order-service] Shipping label generation failed: order_id=ord_462
2024-01-15 10:38:12 INFO [payment-service] Subscription created: user_id=12345 plan=premium
2024-01-15 10:38:34 ERROR [auth-service] Account lockout: user_id=33333 reason=too_many_failed_attempts
2024-01-15 10:39:01 INFO [order-service] Order refund processed: order_id=ord_463
2024-01-15 10:39:23 WARN [payment-service] Payment method expiration warning: user_id=12345
2024-01-15 10:39:45 ERROR [auth-service] OAuth token refresh failed: provider=google
2024-01-15 10:40:12 INFO [order-service] Order review submitted: order_id=ord_464 rating=5
